#
# There is insufficient memory for the Java Runtime Environment to continue.
# Native memory allocation (mmap) failed to map 260046848 bytes. Error detail: G1 virtual space
# Possible reasons:
#   The system is out of physical RAM or swap space
#   This process is running with CompressedOops enabled, and the Java Heap may be blocking the growth of the native heap
# Possible solutions:
#   Reduce memory load on the system
#   Increase physical memory or swap space
#   Check if swap backing store is full
#   Decrease Java heap size (-Xmx/-Xms)
#   Decrease number of Java threads
#   Decrease Java thread stack sizes (-Xss)
#   Set larger code cache with -XX:ReservedCodeCacheSize=
#   JVM is running with Zero Based Compressed Oops mode in which the Java heap is
#     placed in the first 32GB address space. The Java Heap base address is the
#     maximum limit for the native heap growth. Please use -XX:HeapBaseMinAddress
#     to set the Java Heap base and to place the Java Heap above 32GB virtual address.
# This output file may be truncated or incomplete.
#
#  Out of Memory Error (os_windows.cpp:3554), pid=11772, tid=1624
#
# JRE version:  (25.0.1+8) (build )
# Java VM: OpenJDK 64-Bit Server VM (25.0.1+8-LTS, mixed mode, sharing, tiered, compressed oops, compressed class ptrs, g1 gc, windows-amd64)
# No core dump will be written. Minidumps are not enabled by default on client versions of Windows
#

---------------  S U M M A R Y ------------

Command Line: -Dfile.encoding=UTF-8 --module-path=C:\Users\Asus VivoBook\Documents\NetBeansProjects\ayudasComunitsrias\JavaApplication13\build\classes Main

Host: AMD Ryzen 7 4700U with Radeon Graphics         , 8 cores, 15G,  Windows 11 , 64 bit Build 26100 (10.0.26100.7623)
Time: Fri Jan 16 20:39:30 2026 Hora est. Pacífico, Sudamérica elapsed time: 0.020491 seconds (0d 0h 0m 0s)

---------------  T H R E A D  ---------------

Current thread (0x000001c70516dd30):  JavaThread "Unknown thread" [_thread_in_vm, id=1624, stack(0x0000008507b00000,0x0000008507c00000) (1024K)]

Stack: [0x0000008507b00000,0x0000008507c00000]
Native frames: (J=compiled Java code, j=interpreted, Vv=VM code, C=native code)
V  [jvm.dll+0x7a8379]  (no source info available)
V  [jvm.dll+0x7729fd]  (no source info available)
V  [jvm.dll+0x9f57b3]  (no source info available)
V  [jvm.dll+0x9f7da1]  (no source info available)
V  [jvm.dll+0x9f84a3]  (no source info available)
V  [jvm.dll+0x2fcd26]  (no source info available)
V  [jvm.dll+0x7a45a5]  (no source info available)
V  [jvm.dll+0x797a07]  (no source info available)
V  [jvm.dll+0x3f4cb8]  (no source info available)
V  [jvm.dll+0x3fcbf6]  (no source info available)
V  [jvm.dll+0x3e938e]  (no source info available)
V  [jvm.dll+0x3e9648]  (no source info available)
V  [jvm.dll+0x3c0b15]  (no source info available)
V  [jvm.dll+0x3c179e]  (no source info available)
V  [jvm.dll+0x9bbc74]  (no source info available)
V  [jvm.dll+0x459892]  (no source info available)
V  [jvm.dll+0x99faa2]  (no source info available)
V  [jvm.dll+0x4fa061]  (no source info available)
V  [jvm.dll+0x4fb951]  (no source info available)
C  [jli.dll+0x53fa]  (no source info available)
C  [ucrtbase.dll+0x37b0]  (no source info available)
C  [KERNEL32.DLL+0x2e8d7]  (no source info available)
C  [ntdll.dll+0x8c53c]  (no source info available)

Lock stack of current Java thread (top to bottom):


---------------  P R O C E S S  ---------------

Threads class SMR info:
_java_thread_list=0x00007fff09c1df88, length=0, elements={
}

Java Threads: ( => current thread )
Total: 0

Other Threads:
  0x000001c7053bf5d0 WorkerThread "GC Thread#0"                     [id=14520, stack(0x0000008507c00000,0x0000008507d00000) (1024K)]
  0x000001c7053da9d0 ConcurrentGCThread "G1 Main Marker"            [id=10760, stack(0x0000008507d00000,0x0000008507e00000) (1024K)]
  0x000001c7053dbb10 WorkerThread "G1 Conc#0"                       [id=16752, stack(0x0000008507e00000,0x0000008507f00000) (1024K)]

[error occurred during error reporting (printing all threads), id 0xc0000005, EXCEPTION_ACCESS_VIOLATION (0xc0000005) at pc=0x00007fff0924538a]
VM state: not at safepoint (not fully initialized)

VM Mutex/Monitor currently owned by a thread:  ([mutex/lock_event])
[0x00007fff09ca64e8] Heap_lock - owner thread: 0x000001c70516dd30

Heap address: 0x0000000709400000, size: 3948 MB, Compressed Oops mode: Zero based, Oop shift amount: 3

CDS archive(s) mapped at: [0x0000000000000000-0x0000000000000000-0x0000000000000000), size 0, SharedBaseAddress: 0x0000000800000000, ArchiveRelocationMode: 1.
UseCompressedClassPointers 1, UseCompactObjectHeaders 0
Narrow klass pointer bits 32, Max shift 3
Narrow klass base: 0xffffffffffffffff, Narrow klass shift: -1
Encoding Range: [0xffffffffffffffff - 0x000000007fffffff), (2147483648 bytes)
Klass Range:    [0x0000000000000000 - 0x0000000000000000), (0 bytes)
Klass ID Range:  [4294967295 - 0) (1)
No protection zone.

GC Precious Log:
 CardTable entry size: 512
 Card Set container configuration: InlinePtr #cards 4 size 8 Array Of Cards #cards 16 size 48 Howl #buckets 8 coarsen threshold 3686 Howl Bitmap #cards 512 size 80 coarsen threshold 460 Card regions per heap region 1 cards per card region 4096

Heap:
 garbage-first heap   total reserved 4042752K, committed 0K, used 0K [0x0000000709400000, 0x0000000800000000)
  region size 2048K, 0 young (0K), 0 survivors (0K)

Heap Regions: E=young(eden), S=young(survivor), O=old, HS=humongous(starts), HC=humongous(continues), CS=collection set, F=free, TAMS=top-at-mark-start, PB=parsable bottom

Card table byte_map: [0x000001c71f9b0000,0x000001c720170000] _byte_map_base: 0x000001c71c166000

Marking Bits: (CMBitMap*) 0x000001c7053c1f80
 Bits: [0x000001c720170000, 0x000001c723f20000)

GC Heap Usage History (0 events):
No events

Metaspace Usage History (0 events):
No events

Dll operation events (1 events):
Event: 0.011 Loaded shared library C:\Program Files\Apache NetBeans\jdk\bin\java.dll

Deoptimization events (0 events):
No events

Classes loaded (0 events):
No events

Classes unloaded (0 events):
No events

Classes redefined (0 events):
No events

Internal exceptions (0 events):
No events

VM Operations (0 events):
No events

Memory protections (0 events):
No events

Nmethod flushes (0 events):
No events

Events (0 events):
No events


Dynamic libraries:
0x00007ff77d4a0000 - 0x00007ff77d4ae000 	C:\Program Files\Apache NetBeans\jdk\bin\java.exe
0x00007fffa7360000 - 0x00007fffa75c7000 	C:\WINDOWS\SYSTEM32\ntdll.dll
0x00007fffa6350000 - 0x00007fffa6419000 	C:\WINDOWS\System32\KERNEL32.DLL
0x00007fffa4750000 - 0x00007fffa4b3f000 	C:\WINDOWS\System32\KERNELBASE.dll
0x00007fffa4c00000 - 0x00007fffa4d4b000 	C:\WINDOWS\System32\ucrtbase.dll
0x00007fff95730000 - 0x00007fff9574e000 	C:\Program Files\Apache NetBeans\jdk\bin\VCRUNTIME140.dll
0x00007fff40870000 - 0x00007fff40886000 	C:\Program Files\Apache NetBeans\jdk\bin\jli.dll
0x00007fffa6440000 - 0x00007fffa6605000 	C:\WINDOWS\System32\USER32.dll
0x00007fff90e70000 - 0x00007fff91103000 	C:\WINDOWS\WinSxS\amd64_microsoft.windows.common-controls_6595b64144ccf1df_6.0.26100.7309_none_3e05feeae336a044\COMCTL32.dll
0x00007fffa4720000 - 0x00007fffa4747000 	C:\WINDOWS\System32\win32u.dll
0x00007fffa7260000 - 0x00007fffa7309000 	C:\WINDOWS\System32\msvcrt.dll
0x00007fffa71d0000 - 0x00007fffa71fb000 	C:\WINDOWS\System32\GDI32.dll
0x00007fffa4560000 - 0x00007fffa468c000 	C:\WINDOWS\System32\gdi32full.dll
0x00007fffa4b50000 - 0x00007fffa4bf3000 	C:\WINDOWS\System32\msvcp_win.dll
0x00007fffa6690000 - 0x00007fffa66c1000 	C:\WINDOWS\System32\IMM32.DLL
0x00007fff95700000 - 0x00007fff9570c000 	C:\Program Files\Apache NetBeans\jdk\bin\vcruntime140_1.dll
0x00007fff0ebf0000 - 0x00007fff0ec7d000 	C:\Program Files\Apache NetBeans\jdk\bin\msvcp140.dll
0x00007fff08e70000 - 0x00007fff09d96000 	C:\Program Files\Apache NetBeans\jdk\bin\server\jvm.dll
0x00007fffa5220000 - 0x00007fffa52d4000 	C:\WINDOWS\System32\ADVAPI32.dll
0x00007fffa6260000 - 0x00007fffa6306000 	C:\WINDOWS\System32\sechost.dll
0x00007fffa5100000 - 0x00007fffa5218000 	C:\WINDOWS\System32\RPCRT4.dll
0x00007fffa6610000 - 0x00007fffa6684000 	C:\WINDOWS\System32\WS2_32.dll
0x00007fffa4330000 - 0x00007fffa438e000 	C:\WINDOWS\SYSTEM32\POWRPROF.dll
0x00007fff9b810000 - 0x00007fff9b845000 	C:\WINDOWS\SYSTEM32\WINMM.dll
0x00007fff9d420000 - 0x00007fff9d42b000 	C:\WINDOWS\SYSTEM32\VERSION.dll
0x00007fffa4310000 - 0x00007fffa4324000 	C:\WINDOWS\SYSTEM32\UMPDC.dll
0x00007fffa3260000 - 0x00007fffa327b000 	C:\WINDOWS\SYSTEM32\kernel.appcore.dll
0x00007fff75fe0000 - 0x00007fff75fea000 	C:\Program Files\Apache NetBeans\jdk\bin\jimage.dll
0x00007fffa1ab0000 - 0x00007fffa1cf2000 	C:\WINDOWS\SYSTEM32\DBGHELP.DLL
0x00007fffa69b0000 - 0x00007fffa6d36000 	C:\WINDOWS\System32\combase.dll
0x00007fffa6180000 - 0x00007fffa6256000 	C:\WINDOWS\System32\OLEAUT32.dll
0x00007fff908e0000 - 0x00007fff9091c000 	C:\WINDOWS\SYSTEM32\dbgcore.DLL
0x00007fffa44b0000 - 0x00007fffa4555000 	C:\WINDOWS\System32\bcryptPrimitives.dll
0x00007fff522e0000 - 0x00007fff522fe000 	C:\Program Files\Apache NetBeans\jdk\bin\java.dll
0x00007fffa55e0000 - 0x00007fffa5777000 	C:\WINDOWS\System32\ole32.dll
0x00007fffa57f0000 - 0x00007fffa5f43000 	C:\WINDOWS\System32\SHELL32.dll
0x00007fffa4f90000 - 0x00007fffa50fa000 	C:\WINDOWS\System32\wintypes.dll

JVMTI agents: none

dbghelp: loaded successfully - version: 4.0.5 - missing functions: none
symbol engine: initialized successfully - sym options: 0x614 - pdb path: .;C:\Program Files\Apache NetBeans\jdk\bin;C:\WINDOWS\SYSTEM32;C:\WINDOWS\WinSxS\amd64_microsoft.windows.common-controls_6595b64144ccf1df_6.0.26100.7309_none_3e05feeae336a044;C:\Program Files\Apache NetBeans\jdk\bin\server

VM Arguments:
jvm_args: -Dfile.encoding=UTF-8 --module-path=C:\Users\Asus VivoBook\Documents\NetBeansProjects\ayudasComunitsrias\JavaApplication13\build\classes 
java_command: Main
java_class_path (initial): C:\Users\Asus VivoBook\Documents\NetBeansProjects\ayudasComunitsrias\JavaApplication13\build\classes
Launcher Type: SUN_STANDARD

[Global flags]
     intx CICompilerCount                          = 4                                         {product} {ergonomic}
     uint ConcGCThreads                            = 2                                         {product} {ergonomic}
     uint G1ConcRefinementThreads                  = 8                                         {product} {ergonomic}
   size_t G1HeapRegionSize                         = 2097152                                   {product} {ergonomic}
   size_t InitialHeapSize                          = 260046848                                 {product} {ergonomic}
   size_t MarkStackSize                            = 4194304                                   {product} {ergonomic}
   size_t MarkStackSizeMax                         = 536870912                                 {product} {ergonomic}
   size_t MaxHeapSize                              = 4139778048                                {product} {ergonomic}
   size_t MinHeapDeltaBytes                        = 2097152                                   {product} {ergonomic}
   size_t MinHeapSize                              = 8388608                                   {product} {ergonomic}
    uintx NonNMethodCodeHeapSize                   = 5832704                                {pd product} {ergonomic}
    uintx NonProfiledCodeHeapSize                  = 122945536                              {pd product} {ergonomic}
    uintx ProfiledCodeHeapSize                     = 122880000                              {pd product} {ergonomic}
    uintx ReservedCodeCacheSize                    = 251658240                              {pd product} {ergonomic}
     bool SegmentedCodeCache                       = true                                      {product} {ergonomic}
   size_t SoftMaxHeapSize                          = 4139778048                             {manageable} {ergonomic}
     bool UseCompressedOops                        = true                           {product lp64_product} {ergonomic}
     bool UseG1GC                                  = true                                      {product} {ergonomic}
     bool UseLargePagesIndividualAllocation        = false                                  {pd product} {ergonomic}

Logging:
Log output configuration:
 #0: stdout all=warning uptime,level,tags foldmultilines=false
 #1: stderr all=off uptime,level,tags foldmultilines=false

Release file:
<release file has not been read>
Environment Variables:
PATH=C:\Program Files\Common Files\Oracle\Java\javapath;C:\Program Files (x86)\Common Files\Oracle\Java\javapath;C:\WINDOWS\system32;C:\WINDOWS;C:\WINDOWS\System32\Wbem;C:\WINDOWS\System32\WindowsPowerShell\v1.0\;C:\WINDOWS\System32\OpenSSH\;C:\Program Files\Git\cmd;C:\Users\Asus VivoBook\AppData\Local\nvm;C:\nvm4w\nodejs;C:\Users\Asus VivoBook\AppData\Local\Microsoft\WindowsApps;C:\Users\Asus VivoBook\AppData\Local\Programs\Microsoft VS Code\bin;C:\msys64\ucrt64\bin;C:\Users\Asus VivoBook\AppData\Local\nvm;C:\nvm4w\nodejs
USERNAME=Asus VivoBook
OS=Windows_NT
PROCESSOR_IDENTIFIER=AMD64 Family 23 Model 96 Stepping 1, AuthenticAMD
TMP=C:\Users\ASUSVI~1\AppData\Local\Temp
TEMP=C:\Users\ASUSVI~1\AppData\Local\Temp




Compilation memory statistics disabled.

Periodic native trim disabled

---------------  S Y S T E M  ---------------

OS:
 Windows 11 , 64 bit Build 26100 (10.0.26100.7623)
OS uptime: 1 days 22:34 hours

CPU: total 8 (initial active 8) (8 cores per cpu, 1 threads per core) family 23 model 96 stepping 1 microcode 0x8600106, cx8, cmov, fxsr, mmx, 3dnowpref, sse, sse2, sse3, ssse3, sse4a, sse4.1, sse4.2, popcnt, lzcnt, tsc, tscinvbit, avx, avx2, aes, clmul, bmi1, bmi2, adx, sha, fma, vzeroupper, clflush, clflushopt, clwb, rdtscp, rdpid, f16c
Processor Information for the first 8 processors :
  Max Mhz: 2000, Current Mhz: 2000, Mhz Limit: 2000

Memory: 4k page, system-wide physical 15791M (8056M free)
TotalPageFile size 18742M (AvailPageFile size 213M)
current process WorkingSet (physical memory assigned to process): 13M, peak: 13M
current process commit charge ("private bytes"): 61M, peak: 308M

vm_info: OpenJDK 64-Bit Server VM (25.0.1+8-LTS) for windows-amd64 JRE (25.0.1+8-LTS), built on 2025-10-21T00:00:00Z with unknown MS VC++:1942

END.
